ERROR 2011-06-27T11:35:29 supybot Invalid user dictionary file, resetting to empty.
ERROR 2011-06-27T11:35:29 supybot Exact error: IOError: [Errno 2] No such file or directory: 'conf/users.conf'
ERROR 2011-06-27T11:35:29 supybot Invalid channel database, resetting to empty.
ERROR 2011-06-27T11:35:29 supybot Exact error: IOError: [Errno 2] No such file or directory: 'conf/channels.conf'
WARNING 2011-06-27T11:35:29 supybot Couldn't open ignore database: [Errno 2] No such file or directory: 'conf/ignores.conf'
INFO 2011-06-27T11:35:30 supybot Shutdown initiated.
INFO 2011-06-27T11:35:30 supybot Killing Driver objects.
INFO 2011-06-27T11:35:30 supybot Killing Irc objects.
INFO 2011-06-27T11:35:30 supybot Shutdown complete.
INFO 2011-06-27T11:36:53 supybot Shutdown initiated.
INFO 2011-06-27T11:36:53 supybot Killing Driver objects.
INFO 2011-06-27T11:36:53 supybot Killing Irc objects.
INFO 2011-06-27T11:36:53 supybot Shutdown complete.
INFO 2011-06-27T11:37:03 supybot Shutdown initiated.
INFO 2011-06-27T11:37:03 supybot Killing Driver objects.
INFO 2011-06-27T11:37:03 supybot Killing Irc objects.
INFO 2011-06-27T11:37:03 supybot Shutdown complete.
INFO 2011-06-27T11:38:04 supybot Shutdown initiated.
INFO 2011-06-27T11:38:04 supybot Killing Driver objects.
INFO 2011-06-27T11:38:04 supybot Killing Irc objects.
INFO 2011-06-27T11:38:04 supybot Shutdown complete.
INFO 2011-06-27T11:39:15 supybot Shutdown initiated.
INFO 2011-06-27T11:39:15 supybot Killing Driver objects.
INFO 2011-06-27T11:39:15 supybot Killing Irc objects.
INFO 2011-06-27T11:39:15 supybot Shutdown complete.
INFO 2011-06-27T11:40:08 supybot Shutdown initiated.
INFO 2011-06-27T11:40:08 supybot Killing Driver objects.
INFO 2011-06-27T11:40:08 supybot Killing Irc objects.
INFO 2011-06-27T11:40:08 supybot Shutdown complete.
INFO 2011-06-27T11:54:11 supybot Shutdown initiated.
INFO 2011-06-27T11:54:11 supybot Killing Driver objects.
INFO 2011-06-27T11:54:11 supybot Killing Irc objects.
INFO 2011-06-27T11:54:11 supybot Shutdown complete.
INFO 2011-06-27T12:16:04 supybot Shutdown initiated.
INFO 2011-06-27T12:16:04 supybot Killing Driver objects.
INFO 2011-06-27T12:16:04 supybot Killing Irc objects.
INFO 2011-06-27T12:16:04 supybot Shutdown complete.
INFO 2011-06-27T20:50:57 supybot Shutdown initiated.
INFO 2011-06-27T20:50:57 supybot Killing Driver objects.
INFO 2011-06-27T20:50:57 supybot Killing Irc objects.
INFO 2011-06-27T20:50:57 supybot Shutdown complete.
INFO 2011-06-27T20:51:50 supybot Shutdown initiated.
INFO 2011-06-27T20:51:50 supybot Killing Driver objects.
INFO 2011-06-27T20:51:50 supybot Killing Irc objects.
INFO 2011-06-27T20:51:50 supybot Shutdown complete.
INFO 2011-06-27T20:53:09 supybot Shutdown initiated.
INFO 2011-06-27T20:53:09 supybot Killing Driver objects.
INFO 2011-06-27T20:53:09 supybot Killing Irc objects.
INFO 2011-06-27T20:53:09 supybot Shutdown complete.
INFO 2011-06-27T20:53:34 supybot Shutdown initiated.
INFO 2011-06-27T20:53:34 supybot Killing Driver objects.
INFO 2011-06-27T20:53:34 supybot Killing Irc objects.
INFO 2011-06-27T20:53:34 supybot Shutdown complete.
INFO 2011-06-27T20:54:31 supybot Shutdown initiated.
INFO 2011-06-27T20:54:31 supybot Killing Driver objects.
INFO 2011-06-27T20:54:31 supybot Killing Irc objects.
INFO 2011-06-27T20:54:31 supybot Shutdown complete.
INFO 2011-06-27T20:55:03 supybot Shutdown initiated.
INFO 2011-06-27T20:55:03 supybot Killing Driver objects.
INFO 2011-06-27T20:55:03 supybot Killing Irc objects.
INFO 2011-06-27T20:55:03 supybot Shutdown complete.
INFO 2011-06-27T20:55:17 supybot Shutdown initiated.
INFO 2011-06-27T20:55:17 supybot Killing Driver objects.
INFO 2011-06-27T20:55:17 supybot Killing Irc objects.
INFO 2011-06-27T20:55:17 supybot Shutdown complete.
INFO 2011-06-27T20:55:54 supybot Shutdown initiated.
INFO 2011-06-27T20:55:54 supybot Killing Driver objects.
INFO 2011-06-27T20:55:54 supybot Killing Irc objects.
INFO 2011-06-27T20:55:54 supybot Shutdown complete.
INFO 2011-06-27T20:56:48 supybot Shutdown initiated.
INFO 2011-06-27T20:56:48 supybot Killing Driver objects.
INFO 2011-06-27T20:56:48 supybot Killing Irc objects.
INFO 2011-06-27T20:56:48 supybot Shutdown complete.
INFO 2011-06-27T20:56:59 supybot Shutdown initiated.
INFO 2011-06-27T20:56:59 supybot Killing Driver objects.
INFO 2011-06-27T20:56:59 supybot Killing Irc objects.
INFO 2011-06-27T20:57:00 supybot Shutdown complete.
INFO 2011-06-27T20:58:39 supybot Shutdown initiated.
INFO 2011-06-27T20:58:39 supybot Killing Driver objects.
INFO 2011-06-27T20:58:39 supybot Killing Irc objects.
INFO 2011-06-27T20:58:39 supybot Shutdown complete.
INFO 2011-06-27T20:59:05 supybot Shutdown initiated.
INFO 2011-06-27T20:59:05 supybot Killing Driver objects.
INFO 2011-06-27T20:59:05 supybot Killing Irc objects.
INFO 2011-06-27T20:59:05 supybot Shutdown complete.
INFO 2011-06-27T20:59:28 supybot Shutdown initiated.
INFO 2011-06-27T20:59:28 supybot Killing Driver objects.
INFO 2011-06-27T20:59:28 supybot Killing Irc objects.
INFO 2011-06-27T20:59:28 supybot Shutdown complete.
INFO 2011-06-27T21:02:09 supybot Shutdown initiated.
INFO 2011-06-27T21:02:09 supybot Killing Driver objects.
INFO 2011-06-27T21:02:09 supybot Killing Irc objects.
INFO 2011-06-27T21:02:09 supybot Shutdown complete.
INFO 2011-06-27T21:02:49 supybot Shutdown initiated.
INFO 2011-06-27T21:02:49 supybot Killing Driver objects.
INFO 2011-06-27T21:02:49 supybot Killing Irc objects.
INFO 2011-06-27T21:02:49 supybot Shutdown complete.
INFO 2011-06-27T21:03:07 supybot Shutdown initiated.
INFO 2011-06-27T21:03:07 supybot Killing Driver objects.
INFO 2011-06-27T21:03:07 supybot Killing Irc objects.
INFO 2011-06-27T21:03:07 supybot Shutdown complete.
INFO 2011-06-27T21:03:24 supybot Shutdown initiated.
INFO 2011-06-27T21:03:24 supybot Killing Driver objects.
INFO 2011-06-27T21:03:24 supybot Killing Irc objects.
INFO 2011-06-27T21:03:24 supybot Shutdown complete.
INFO 2011-06-27T21:03:39 supybot Shutdown initiated.
INFO 2011-06-27T21:03:39 supybot Killing Driver objects.
INFO 2011-06-27T21:03:39 supybot Killing Irc objects.
INFO 2011-06-27T21:03:39 supybot Shutdown complete.
INFO 2011-06-27T21:03:42 supybot Shutdown initiated.
INFO 2011-06-27T21:03:42 supybot Killing Driver objects.
INFO 2011-06-27T21:03:42 supybot Killing Irc objects.
INFO 2011-06-27T21:03:42 supybot Shutdown complete.
INFO 2011-06-27T21:04:21 supybot Shutdown initiated.
INFO 2011-06-27T21:04:21 supybot Killing Driver objects.
INFO 2011-06-27T21:04:21 supybot Killing Irc objects.
INFO 2011-06-27T21:04:21 supybot Shutdown complete.
INFO 2011-06-27T22:03:37 supybot Shutdown initiated.
INFO 2011-06-27T22:03:37 supybot Killing Driver objects.
INFO 2011-06-27T22:03:37 supybot Killing Irc objects.
INFO 2011-06-27T22:03:37 supybot Shutdown complete.
INFO 2011-06-27T22:04:03 supybot Shutdown initiated.
INFO 2011-06-27T22:04:03 supybot Killing Driver objects.
INFO 2011-06-27T22:04:03 supybot Killing Irc objects.
INFO 2011-06-27T22:04:03 supybot Shutdown complete.
INFO 2011-06-27T22:06:18 supybot Shutdown initiated.
INFO 2011-06-27T22:06:18 supybot Killing Driver objects.
INFO 2011-06-27T22:06:18 supybot Killing Irc objects.
INFO 2011-06-27T22:06:18 supybot Shutdown complete.
INFO 2011-06-27T22:06:20 supybot Shutdown initiated.
INFO 2011-06-27T22:06:20 supybot Killing Driver objects.
INFO 2011-06-27T22:06:20 supybot Killing Irc objects.
INFO 2011-06-27T22:06:20 supybot Shutdown complete.
INFO 2011-06-27T22:06:46 supybot Shutdown initiated.
INFO 2011-06-27T22:06:46 supybot Killing Driver objects.
INFO 2011-06-27T22:06:46 supybot Killing Irc objects.
INFO 2011-06-27T22:06:46 supybot Shutdown complete.
INFO 2011-06-27T22:09:31 supybot Shutdown initiated.
INFO 2011-06-27T22:09:31 supybot Killing Driver objects.
INFO 2011-06-27T22:09:31 supybot Killing Irc objects.
INFO 2011-06-27T22:09:31 supybot Shutdown complete.
INFO 2011-06-27T22:09:46 supybot Shutdown initiated.
INFO 2011-06-27T22:09:46 supybot Killing Driver objects.
INFO 2011-06-27T22:09:46 supybot Killing Irc objects.
INFO 2011-06-27T22:09:46 supybot Shutdown complete.
INFO 2011-06-27T22:24:09 supybot Shutdown initiated.
INFO 2011-06-27T22:24:09 supybot Killing Driver objects.
INFO 2011-06-27T22:24:09 supybot Killing Irc objects.
INFO 2011-06-27T22:24:09 supybot Shutdown complete.
INFO 2011-06-27T22:24:35 supybot Shutdown initiated.
INFO 2011-06-27T22:24:35 supybot Killing Driver objects.
INFO 2011-06-27T22:24:35 supybot Killing Irc objects.
INFO 2011-06-27T22:24:35 supybot Shutdown complete.
INFO 2011-06-27T22:25:01 supybot Shutdown initiated.
INFO 2011-06-27T22:25:01 supybot Killing Driver objects.
INFO 2011-06-27T22:25:01 supybot Killing Irc objects.
INFO 2011-06-27T22:25:01 supybot Shutdown complete.
INFO 2011-06-27T22:25:17 supybot Shutdown initiated.
INFO 2011-06-27T22:25:17 supybot Killing Driver objects.
INFO 2011-06-27T22:25:17 supybot Killing Irc objects.
INFO 2011-06-27T22:25:17 supybot Shutdown complete.
INFO 2011-06-27T22:25:26 supybot Shutdown initiated.
INFO 2011-06-27T22:25:26 supybot Killing Driver objects.
INFO 2011-06-27T22:25:26 supybot Killing Irc objects.
INFO 2011-06-27T22:25:26 supybot Shutdown complete.
INFO 2011-06-27T22:25:32 supybot Shutdown initiated.
INFO 2011-06-27T22:25:32 supybot Killing Driver objects.
INFO 2011-06-27T22:25:32 supybot Killing Irc objects.
INFO 2011-06-27T22:25:32 supybot Shutdown complete.
INFO 2011-06-27T22:26:22 supybot Shutdown initiated.
INFO 2011-06-27T22:26:22 supybot Killing Driver objects.
INFO 2011-06-27T22:26:22 supybot Killing Irc objects.
INFO 2011-06-27T22:26:22 supybot Shutdown complete.
INFO 2011-06-27T22:32:20 supybot Shutdown initiated.
INFO 2011-06-27T22:32:20 supybot Killing Driver objects.
INFO 2011-06-27T22:32:20 supybot Killing Irc objects.
INFO 2011-06-27T22:32:20 supybot Shutdown complete.
INFO 2011-06-27T22:33:34 supybot Shutdown initiated.
INFO 2011-06-27T22:33:34 supybot Killing Driver objects.
INFO 2011-06-27T22:33:34 supybot Killing Irc objects.
INFO 2011-06-27T22:33:35 supybot Shutdown complete.
INFO 2011-06-27T22:35:09 supybot Shutdown initiated.
INFO 2011-06-27T22:35:09 supybot Killing Driver objects.
INFO 2011-06-27T22:35:09 supybot Killing Irc objects.
INFO 2011-06-27T22:35:10 supybot Shutdown complete.
INFO 2011-06-27T22:35:58 supybot Shutdown initiated.
INFO 2011-06-27T22:35:58 supybot Killing Driver objects.
INFO 2011-06-27T22:35:58 supybot Killing Irc objects.
INFO 2011-06-27T22:35:58 supybot Shutdown complete.
INFO 2011-06-27T22:36:24 supybot Shutdown initiated.
INFO 2011-06-27T22:36:24 supybot Killing Driver objects.
INFO 2011-06-27T22:36:24 supybot Killing Irc objects.
INFO 2011-06-27T22:36:24 supybot Shutdown complete.
INFO 2011-06-28T07:59:11 supybot Shutdown initiated.
INFO 2011-06-28T07:59:11 supybot Killing Driver objects.
INFO 2011-06-28T07:59:11 supybot Killing Irc objects.
INFO 2011-06-28T07:59:11 supybot Shutdown complete.
INFO 2011-06-28T08:07:59 supybot Shutdown initiated.
INFO 2011-06-28T08:07:59 supybot Killing Driver objects.
INFO 2011-06-28T08:07:59 supybot Killing Irc objects.
INFO 2011-06-28T08:07:59 supybot Shutdown complete.
INFO 2011-06-28T08:08:16 supybot Shutdown initiated.
INFO 2011-06-28T08:08:16 supybot Killing Driver objects.
INFO 2011-06-28T08:08:16 supybot Killing Irc objects.
INFO 2011-06-28T08:08:16 supybot Shutdown complete.
INFO 2011-06-28T08:13:07 supybot Shutdown initiated.
INFO 2011-06-28T08:13:07 supybot Killing Driver objects.
INFO 2011-06-28T08:13:07 supybot Killing Irc objects.
INFO 2011-06-28T08:13:07 supybot Shutdown complete.
INFO 2011-06-28T08:20:55 supybot Shutdown initiated.
INFO 2011-06-28T08:20:55 supybot Killing Driver objects.
INFO 2011-06-28T08:20:55 supybot Killing Irc objects.
INFO 2011-06-28T08:20:55 supybot Shutdown complete.
INFO 2011-06-28T08:31:44 supybot Shutdown initiated.
INFO 2011-06-28T08:31:44 supybot Killing Driver objects.
INFO 2011-06-28T08:31:44 supybot Killing Irc objects.
INFO 2011-06-28T08:31:44 supybot Shutdown complete.
INFO 2011-06-28T08:32:32 supybot Shutdown initiated.
INFO 2011-06-28T08:32:32 supybot Killing Driver objects.
INFO 2011-06-28T08:32:32 supybot Killing Irc objects.
INFO 2011-06-28T08:32:32 supybot Shutdown complete.
INFO 2011-06-28T08:32:45 supybot Shutdown initiated.
INFO 2011-06-28T08:32:45 supybot Killing Driver objects.
INFO 2011-06-28T08:32:45 supybot Killing Irc objects.
INFO 2011-06-28T08:32:45 supybot Shutdown complete.
INFO 2011-06-28T09:15:23 supybot Shutdown initiated.
INFO 2011-06-28T09:15:23 supybot Killing Driver objects.
INFO 2011-06-28T09:15:23 supybot Killing Irc objects.
INFO 2011-06-28T09:15:23 supybot Shutdown complete.
INFO 2011-06-28T09:16:17 supybot Shutdown initiated.
INFO 2011-06-28T09:16:17 supybot Killing Driver objects.
INFO 2011-06-28T09:16:17 supybot Killing Irc objects.
INFO 2011-06-28T09:16:17 supybot Shutdown complete.
INFO 2011-06-28T09:16:55 supybot Shutdown initiated.
INFO 2011-06-28T09:16:55 supybot Killing Driver objects.
INFO 2011-06-28T09:16:55 supybot Killing Irc objects.
INFO 2011-06-28T09:16:55 supybot Shutdown complete.
INFO 2011-06-28T09:17:58 supybot Shutdown initiated.
INFO 2011-06-28T09:17:58 supybot Killing Driver objects.
INFO 2011-06-28T09:17:58 supybot Killing Irc objects.
INFO 2011-06-28T09:17:58 supybot Shutdown complete.
INFO 2011-06-28T09:18:28 supybot Shutdown initiated.
INFO 2011-06-28T09:18:28 supybot Killing Driver objects.
INFO 2011-06-28T09:18:28 supybot Killing Irc objects.
INFO 2011-06-28T09:18:28 supybot Shutdown complete.
INFO 2011-06-28T09:18:37 supybot Shutdown initiated.
INFO 2011-06-28T09:18:37 supybot Killing Driver objects.
INFO 2011-06-28T09:18:37 supybot Killing Irc objects.
INFO 2011-06-28T09:18:37 supybot Shutdown complete.
INFO 2011-06-28T09:19:04 supybot Shutdown initiated.
INFO 2011-06-28T09:19:04 supybot Killing Driver objects.
INFO 2011-06-28T09:19:04 supybot Killing Irc objects.
INFO 2011-06-28T09:19:04 supybot Shutdown complete.
INFO 2011-06-28T09:25:11 supybot Shutdown initiated.
INFO 2011-06-28T09:25:11 supybot Killing Driver objects.
INFO 2011-06-28T09:25:11 supybot Killing Irc objects.
INFO 2011-06-28T09:25:11 supybot Shutdown complete.
INFO 2011-06-28T09:25:39 supybot Shutdown initiated.
INFO 2011-06-28T09:25:39 supybot Killing Driver objects.
INFO 2011-06-28T09:25:39 supybot Killing Irc objects.
INFO 2011-06-28T09:25:39 supybot Shutdown complete.
INFO 2011-06-28T09:26:06 supybot Shutdown initiated.
INFO 2011-06-28T09:26:06 supybot Killing Driver objects.
INFO 2011-06-28T09:26:06 supybot Killing Irc objects.
INFO 2011-06-28T09:26:06 supybot Shutdown complete.
INFO 2011-06-28T10:19:24 supybot Shutdown initiated.
INFO 2011-06-28T10:19:24 supybot Killing Driver objects.
INFO 2011-06-28T10:19:24 supybot Killing Irc objects.
INFO 2011-06-28T10:19:24 supybot Shutdown complete.
INFO 2011-06-28T10:19:41 supybot Shutdown initiated.
INFO 2011-06-28T10:19:41 supybot Killing Driver objects.
INFO 2011-06-28T10:19:41 supybot Killing Irc objects.
INFO 2011-06-28T10:19:41 supybot Shutdown complete.
INFO 2011-06-28T10:20:24 supybot Shutdown initiated.
INFO 2011-06-28T10:20:24 supybot Killing Driver objects.
INFO 2011-06-28T10:20:24 supybot Killing Irc objects.
INFO 2011-06-28T10:20:24 supybot Shutdown complete.
INFO 2011-06-28T10:20:59 supybot Shutdown initiated.
INFO 2011-06-28T10:20:59 supybot Killing Driver objects.
INFO 2011-06-28T10:20:59 supybot Killing Irc objects.
INFO 2011-06-28T10:20:59 supybot Shutdown complete.
INFO 2011-06-28T10:21:28 supybot Shutdown initiated.
INFO 2011-06-28T10:21:28 supybot Killing Driver objects.
INFO 2011-06-28T10:21:28 supybot Killing Irc objects.
INFO 2011-06-28T10:21:28 supybot Shutdown complete.
INFO 2011-06-28T11:58:43 supybot Shutdown initiated.
INFO 2011-06-28T11:58:43 supybot Killing Driver objects.
INFO 2011-06-28T11:58:43 supybot Killing Irc objects.
INFO 2011-06-28T11:58:43 supybot Shutdown complete.
